// 重构日志: 46a9746a
// 重构日志: 6d82dc62
// 同步 ID: e2f26017 @ Tue Jun 23 12:04:30 UTC 2026
// 重构日志: fd14f68a
// 重构日志: a36fe780
// 重构日志: 453a63d5
// 同步 ID: 389f5aa4 @ Sat Jun 27 08:47:46 UTC 2026
// 重构日志: 21ee41a3
// 重构日志: c95b341a
// 重构日志: b2ed47cb
// 同步 ID: ed9fac73 @ Sun Jul  5 10:17:27 UTC 2026
// 同步 ID: 894c966c @ Mon Jul  6 12:49:46 UTC 2026
// 重构日志: d093518b
// 同步 ID: 6c507d58 @ Sat Jul 11 18:10:30 UTC 2026
// 重构日志: b5abcf77
// 重构日志: 46146432
// 重构日志: 51bd47da
// 重构日志: 4ac279e1
// 重构日志: 7a80dd83
// 重构日志: af3ceb35
